Signature: , Timestamp: , Body: 
Signature: , Timestamp: , Body: 
Signature: , Timestamp: , Body: 
Signature: , Timestamp: , Body: 
Array
(
    [Host] => nubs.site
    [Cache-Control] => max-age=0
    [sec-ch-ua] => "Chromium";v="130", "Google Chrome";v="130", "Not?A_Brand";v="99"
    [sec-ch-ua-mobile] => ?0
    [sec-ch-ua-platform] => "Windows"
    [upgrade-insecure-requests] => 1
    [User-Agent] => Mozilla/5.0 (Windows NT 10.0; Win64; x64) AppleWebKit/537.36 (KHTML, like Gecko) Chrome/130.0.0.0 Safari/537.36
    [Accept] => text/html,application/xhtml+xml,application/xml;q=0.9,image/avif,image/webp,image/apng,*/*;q=0.8,application/signed-exchange;v=b3;q=0.7
    [sec-fetch-site] => cross-site
    [sec-fetch-mode] => navigate
    [sec-fetch-user] => ?1
    [sec-fetch-dest] => document
    [Accept-Encoding] => gzip, deflate, br, zstd
    [Accept-Language] => en-US,en;q=0.9
    [priority] => u=0, i
    [x-forwarded-proto] => https
    [x-https] => on
    [X-Forwarded-For] => 24.7.123.12
)
Signature: , Timestamp: , Body: 
Array
(
    [x-signature-ed25519] => test_signature
    [x-signature-timestamp] => test_timestamp
    [Content-Type] => application/json
    [User-Agent] => PostmanRuntime/7.42.0
    [Accept] => */*
    [postman-token] => f9490d27-b64f-44a6-a034-ddff377a6883
    [Host] => nubs.site
    [Accept-Encoding] => gzip, deflate, br
    [Content-Length] => 11
    [x-forwarded-proto] => https
    [x-https] => on
    [X-Forwarded-For] => 24.7.123.12
)
Signature: test_signature, Timestamp: test_timestamp, Body: {"type": 1}
Array
(
    [x-signature-ed25519] => test_signature
    [x-signature-timestamp] => test_timestamp
    [Content-Type] => application/json
    [User-Agent] => PostmanRuntime/7.42.0
    [Accept] => */*
    [postman-token] => 31c88e98-efc7-41ad-b8fa-ea2ef06ea7be
    [Host] => nubs.site
    [Accept-Encoding] => gzip, deflate, br
    [Content-Length] => 11
    [x-forwarded-proto] => https
    [x-https] => on
    [X-Forwarded-For] => 24.7.123.12
)
Signature: test_signature, Timestamp: test_timestamp, Body: {"type": 1}
Signature: , Timestamp: , Body: 
Signature: test_signature, Timestamp: test_timestamp, Body: {"type": 1}
Signature: , Timestamp: , Body: 
Signature: , Timestamp: , Body: 
Signature: , Timestamp: , Body: 
Signature: , Timestamp: , Body: 
Signature: test_signature, Timestamp: test_timestamp, Body: {"type": 1}
Signature: , Timestamp: , Body: 
Signature is not the expected length
Signature: 297dfb071d4967184c0a25354d83bece257252132af1004391303095b064191a062d786a9203b6de1d97eebfd4381471be7f84236b60a8022ae17027f3f92001, Timestamp: 1730588159, Body: {"app_permissions":"562949953601536","application_id":"1300533868335468564","authorizing_integration_owners":{},"entitlements":[],"id":"1302405882155630673","token":"aW50ZXJhY3Rpb246MTMwMjQwNTg4MjE1NTYzMDY3Mzp1Z29JWGVkZkJEcFJTUk00a2R2U055Nk5hb3ZNbDZqQm82TTQ5Z1h3cjdJNERRRFl3aUdzd3NNUVQyOWFXZVY3bHdycjJnbGZTQ3BxbWticzU4ME02REliNmYxZEFqc0hSY09Yb1JVdGFnb1BEd3lDNkdrVGlpdktQUk5aeHFVSw","type":1,"user":{"avatar":"c6a249645d46209f337279cd2ca998c7","avatar_decoration_data":null,"bot":true,"clan":null,"discriminator":"0000","global_name":"Discord","id":"643945264868098049","public_flags":1,"system":true,"username":"discord"},"version":1}
Signature verified successfully
Signature: e4134e8f2c7b4d09db9eea7a158b208dc537deaad741ba3e1b9902124022a40043e3ddd9d3a547ac251ecddf9fe4304dcfdcc1fdb15db3aac32961027347a40f, Timestamp: 1730588159, Body: {"app_permissions":"562949953601536","application_id":"1300533868335468564","authorizing_integration_owners":{},"entitlements":[],"id":"1302405882155630674","token":"aW50ZXJhY3Rpb246MTMwMjQwNTg4MjE1NTYzMDY3NDpUVGZ6U2Y3Wk9hZEdiTklBVjhxSHNqZXkzdG5XVE5xSjhkRXpZZ1BSdXplU3hweVNIcVVYUXVWbXh1NzRCRFRubUkwdHhhY3hzTDdHYldtNWFCaWFyaEZ6RDMwYzZtUDJXSlo1VlRHeTk5cU55QmxnMHNYUFdKcURweWJGNVF3Vg","type":1,"user":{"avatar":"c6a249645d46209f337279cd2ca998c7","avatar_decoration_data":null,"bot":true,"clan":null,"discriminator":"0000","global_name":"Discord","id":"643945264868098049","public_flags":1,"system":true,"username":"discord"},"version":1}
Signature: test_signature, Timestamp: test_timestamp, Body: {"type": 1}
Signature is not the expected length
Signature: c9bf8b83097649ae3067a018e37e65a6022169cc4bf213fe1a94988051e4fc6d1a9883f8dc57d8c2e3db98ecece06450c905e3f53e1f57ea2e7f701d40c9560f, Timestamp: 1730705648, Body: {"app_permissions":"562949953863680","application_id":"1300533868335468564","authorizing_integration_owners":{"0":"1286919227663581185","1":"1284887060825509890"},"channel":{"flags":0,"guild_id":"1286919227663581185","icon_emoji":{"id":null,"name":"👋"},"id":"1286919227663581188","last_message_id":"1300973493491335218","name":"general","nsfw":false,"parent_id":"1286919227663581186","permissions":"2251799813685247","position":0,"rate_limit_per_user":0,"theme_color":null,"topic":null,"type":0},"channel_id":"1286919227663581188","context":0,"data":{"id":"1300549097178009724","name":"algomines","options":[{"name":"tile_amt","type":4,"value":8},{"name":"round_id","type":3,"value":"a12b34c5-d67e-89f0-1234-56789abcde01"}],"type":1},"entitlement_sku_ids":[],"entitlements":[],"guild":{"features":[],"id":"1286919227663581185","locale":"en-US"},"guild_id":"1286919227663581185","guild_locale":"en-US","id":"1302898666490695710","locale":"en-US","member":{"avatar":null,"banner":null,"communication_disabled_until":null,"deaf":false,"flags":0,"joined_at":"2024-09-21T05:17:33.690000+00:00","mute":false,"nick":null,"pending":false,"permissions":"2251799813685247","premium_since":null,"roles":[],"unusual_dm_activity_until":null,"user":{"avatar":"d384213bb194390273747eebb637fb37","avatar_decoration_data":null,"clan":null,"discriminator":"0","global_name":"only1","id":"1284887060825509890","public_flags":0,"username":"1gig"}},"token":"aW50ZXJhY3Rpb246MTMwMjg5ODY2NjQ5MDY5NTcxMDpnd2pvaXpJRDlJYk5yT2NsV0lwM2ExUm92YXFHTm1tNmxPWTJaVkdyNDFpVTdVek9YbzNCTGFjVzRaajR3R2NmZWlhYjZzT0dwTUFaalRZMk5DMWY0RlM4SXRlR3JYQ29WcTQ0Qm12RGlPWWhqTU9DUWJPeWEzSUN5TVpqY3cyeQ","type":2,"version":1}
Signature verified successfully
Signature: ee82b7eb809b2429069e45a57c67873fa617028dff99703df228ae5460c9ae6fc099ff53a394cde63f7884763454213372e1e0bb88200a77d18576f2d12f0503, Timestamp: 1730705664, Body: {"app_permissions":"562949953863680","application_id":"1300533868335468564","authorizing_integration_owners":{"0":"1286919227663581185","1":"1284887060825509890"},"channel":{"flags":0,"guild_id":"1286919227663581185","icon_emoji":{"id":null,"name":"👋"},"id":"1286919227663581188","last_message_id":"1302898668814204928","name":"general","nsfw":false,"parent_id":"1286919227663581186","permissions":"2251799813685247","position":0,"rate_limit_per_user":0,"theme_color":null,"topic":null,"type":0},"channel_id":"1286919227663581188","context":0,"data":{"id":"1300549097178009724","name":"algomines","options":[{"name":"tile_amt","type":4,"value":9},{"name":"round_id","type":3,"value":"a12b34c5-d67e-89f0-1234-56789abcde01"}],"type":1},"entitlement_sku_ids":[],"entitlements":[],"guild":{"features":[],"id":"1286919227663581185","locale":"en-US"},"guild_id":"1286919227663581185","guild_locale":"en-US","id":"1302898734278901823","locale":"en-US","member":{"avatar":null,"banner":null,"communication_disabled_until":null,"deaf":false,"flags":0,"joined_at":"2024-09-21T05:17:33.690000+00:00","mute":false,"nick":null,"pending":false,"permissions":"2251799813685247","premium_since":null,"roles":[],"unusual_dm_activity_until":null,"user":{"avatar":"d384213bb194390273747eebb637fb37","avatar_decoration_data":null,"clan":null,"discriminator":"0","global_name":"only1","id":"1284887060825509890","public_flags":0,"username":"1gig"}},"token":"aW50ZXJhY3Rpb246MTMwMjg5ODczNDI3ODkwMTgyMzpXQ2d5N1hHcmZXMGtpRHJZWVdaUzB2eTNqd3FVVFlwdW8zdHBma1pmYkxBb01jRHA0OHd1bTltMjdhaW9zQlFXSUlWZDA3YjlJN01aaHFYNk5Bb0Z5YTB5UFF4VkRyNGJNNmdOdXdNWjQ3UjA2blh5b2dWMkpMcnNBRzhYM1Y3WA","type":2,"version":1}
Signature verified successfully
